2016-09-19 15:06:14|Info|echo|StandardHTTP is running at :5004
2016-09-19 15:06:14|Info|app|[Crontab] Starting
2016-09-19 15:06:14|Info|app|[Crontab] Waiting 1m0s
2016-09-19 15:07:14|Info|app|[Crontab] Starting
2016-09-19 15:07:14|Info|app|[Crontab] Waiting 1m0s
2016-09-19 15:08:14|Info|app|[Crontab] Starting
2016-09-19 15:08:14|Info|app|[Crontab] Waiting 1m0s
2016-09-19 15:09:14|Info|app|[Crontab] Starting
2016-09-19 15:09:14|Info|app|[Crontab] Waiting 1m0s
2016-09-19 15:10:14|Info|app|[Crontab] Starting
2016-09-19 15:10:14|Info|app|[Crontab] Waiting 1m0s
2016-09-19 15:11:14|Info|app|[Crontab] Starting
2016-09-19 15:11:14|Info|app|[Crontab] Waiting 1m0s
2016-09-19 15:12:14|Info|app|[Crontab] Starting
2016-09-19 15:12:14|Info|app|[Crontab] Waiting 1m0s
2016-09-19 15:13:14|Info|app|[Crontab] Starting
2016-09-19 15:13:14|Info|app|[Crontab] Waiting 1m0s
2016-09-19 15:14:14|Info|app|[Crontab] Starting
2016-09-19 15:14:14|Info|app|[Crontab] Waiting 1m0s
2016-09-19 15:15:14|Info|app|[Crontab] Starting
2016-09-19 15:15:14|Info|app|[Crontab] Waiting 1m0s
2016-09-19 15:15:33|Info|echo|127.0.0.1 GET / 200 0s 2
2016-09-19 15:16:14|Info|app|[Crontab] Starting
2016-09-19 15:16:14|Info|app|[Crontab] Waiting 1m0s
2016-09-19 15:16:53|Info|app|reload config from conf\config.yaml
2016-09-19 15:16:53|Info|app|reload config from conf\config.yaml
2016-09-19 15:17:14|Info|app|[Crontab] Starting
2016-09-19 15:17:14|Info|app|[Crontab] Waiting 1m0s
2016-09-19 15:18:14|Info|app|[Crontab] Starting
2016-09-19 15:18:14|Info|app|[Crontab] Waiting 1m0s
2016-09-19 15:19:14|Info|app|[Crontab] Starting
2016-09-19 15:19:14|Info|app|[Crontab] Waiting 1m0s
2016-09-19 15:19:59|Info|echo|127.0.0.1 GET / 200 0s 2
2016-09-19 15:20:14|Info|app|[Crontab] Starting
2016-09-19 15:20:14|Info|app|[Crontab] Waiting 1m0s
2016-09-19 15:21:14|Info|app|[Crontab] Starting
2016-09-19 15:21:14|Info|app|[Crontab] Waiting 1m0s
2016-09-19 15:21:30|Info|echo|StandardHTTP is running at :5002
2016-09-19 15:21:30|Info|app|[Crontab] Starting
2016-09-19 15:21:31|Info|app|[Crontab] Waiting 1m0s
2016-09-19 15:22:31|Info|app|[Crontab] Starting
2016-09-19 15:22:31|Info|app|[Crontab] Waiting 1m0s
2016-09-19 15:22:36|Info|app|reload config from conf\config.yaml
2016-09-19 15:22:36|Info|app|reload config from conf\config.yaml
2016-09-19 15:22:43|Info|app|reload config from conf\config.yaml
2016-09-19 15:22:43|Info|app|reload config from conf\config.yaml
2016-09-19 15:23:31|Info|app|[Crontab] Starting
2016-09-19 15:23:31|Info|app|[Crontab] Waiting 1m0s
2016-09-19 15:24:31|Info|app|[Crontab] Starting
2016-09-19 15:24:31|Info|app|[Crontab] Waiting 1m0s
2016-09-19 15:25:31|Info|app|[Crontab] Starting
2016-09-19 15:25:31|Info|app|[Crontab] Waiting 1m0s
2016-09-19 15:26:01|Info|echo|StandardHTTP is running at :5010
2016-09-19 15:26:01|Info|app|[Crontab] Starting
2016-09-19 15:26:01|Info|app|[Crontab] Waiting 1m0s
2016-09-19 15:26:20|Info|echo|127.0.0.1 GET / 200 0s 2
2016-09-19 15:26:21|Info|echo|127.0.0.1 GET / 200 0s 2
2016-09-19 15:26:21|Info|echo|127.0.0.1 GET / 200 0s 2
2016-09-19 15:27:01|Info|app|[Crontab] Starting
2016-09-19 15:27:01|Info|app|[Crontab] Waiting 1m0s
2016-09-19 15:28:01|Info|app|[Crontab] Starting
2016-09-19 15:28:01|Info|app|[Crontab] Waiting 1m0s
2016-09-19 15:29:01|Info|app|[Crontab] Starting
2016-09-19 15:29:01|Info|app|[Crontab] Waiting 1m0s
2016-09-19 15:30:01|Info|app|[Crontab] Starting
2016-09-19 15:30:01|Info|app|[Crontab] Waiting 1m0s
2016-09-19 15:30:19|Info|app|[Crontab] Starting
2016-09-19 15:30:19|Info|echo|StandardHTTP is running at :5001
2016-09-19 15:30:19|Info|app|[Crontab] Waiting 1m0s
2016-09-19 15:31:19|Info|app|[Crontab] Starting
2016-09-19 15:31:19|Info|app|[Crontab] Waiting 1m0s
2016-09-19 15:32:19|Info|app|[Crontab] Starting
2016-09-19 15:32:19|Info|app|[Crontab] Waiting 1m0s
2016-09-19 15:33:19|Info|app|[Crontab] Starting
2016-09-19 15:33:19|Info|app|[Crontab] Waiting 1m0s
2016-09-19 15:33:45|Info|echo|StandardHTTP is running at :5006
2016-09-19 15:33:45|Info|app|[Crontab] Starting
2016-09-19 15:33:45|Info|app|[Crontab] Waiting 1m0s
2016-09-19 15:34:14|Info|echo|StandardHTTP is running at :5009
2016-09-19 15:34:14|Info|app|[Crontab] Starting
2016-09-19 15:34:15|Info|app|[Crontab] Waiting 1m0s
2016-09-19 15:34:29|Info|app|[Crontab] Starting
2016-09-19 15:34:29|Info|echo|StandardHTTP is running at :5005
2016-09-19 15:34:30|Info|app|[Crontab] Waiting 1m0s
2016-09-19 15:34:37|Info|echo|127.0.0.1 GET / 200 0s 2
2016-09-19 15:34:38|Info|echo|127.0.0.1 GET / 200 0s 2
2016-09-19 15:34:39|Info|echo|127.0.0.1 GET / 200 1.0007ms 2
2016-09-19 15:34:40|Info|echo|127.0.0.1 GET / 200 0s 2
2016-09-19 15:35:24|Info|echo|StandardHTTP is running at :5002
2016-09-19 15:35:24|Info|app|[Crontab] Starting
2016-09-19 15:35:25|Info|app|[Crontab] Waiting 1m0s
2016-09-19 15:35:40|Info|echo|127.0.0.1 GET / 200 0s 2
2016-09-19 15:36:17|Info|echo|StandardHTTP is running at :5001
2016-09-19 15:36:17|Info|app|[Crontab] Starting
2016-09-19 15:36:17|Info|app|[Crontab] Waiting 1m0s
2016-09-19 15:36:30|Info|app|[Crontab] Starting
2016-09-19 15:36:30|Info|echo|StandardHTTP is running at :5003
2016-09-19 15:36:30|Info|app|[Crontab] Waiting 1m0s
2016-09-19 15:36:43|Info|echo|127.0.0.1 GET / 200 0s 2
2016-09-19 15:37:30|Info|app|[Crontab] Starting
2016-09-19 15:37:30|Info|app|[Crontab] Waiting 1m0s
2016-09-19 15:38:30|Info|app|[Crontab] Starting
2016-09-19 15:38:30|Info|app|[Crontab] Waiting 1m0s
2016-09-19 15:39:30|Info|app|[Crontab] Starting
2016-09-19 15:39:30|Info|app|[Crontab] Waiting 1m0s
2016-09-19 15:41:04|Info|echo|StandardHTTP is running at :5002
2016-09-19 15:41:04|Info|app|[Crontab] Starting
2016-09-19 15:41:04|Info|app|[Crontab] Waiting 1m0s
2016-09-19 15:41:17|Info|echo|127.0.0.1 GET / 200 0s 2
2016-09-19 15:42:04|Info|app|[Crontab] Starting
2016-09-19 15:42:04|Info|app|[Crontab] Waiting 1m0s
2016-09-19 15:43:04|Info|app|[Crontab] Starting
2016-09-19 15:43:04|Info|app|[Crontab] Waiting 1m0s
2016-09-19 15:43:53|Info|echo|StandardHTTP is running at :5008
2016-09-19 15:43:53|Info|app|[Crontab] Starting
2016-09-19 15:43:53|Info|app|[Crontab] Waiting 1m0s
2016-09-19 15:43:59|Info|echo|127.0.0.1 GET / 200 0s 2
2016-09-19 15:44:53|Info|app|[Crontab] Starting
2016-09-19 15:44:53|Info|app|[Crontab] Waiting 1m0s
2016-09-19 15:45:53|Info|app|[Crontab] Starting
2016-09-19 15:45:53|Info|app|[Crontab] Waiting 1m0s
2016-09-19 15:46:22|Info|echo|StandardHTTP is running at :5010
2016-09-19 15:46:22|Info|app|[Crontab] Starting
2016-09-19 15:46:22|Info|app|[Crontab] Waiting 1m0s
2016-09-19 15:46:54|Info|echo|127.0.0.1 GET / 200 0s 2
2016-09-19 15:47:22|Info|app|[Crontab] Starting
2016-09-19 15:47:22|Info|app|[Crontab] Waiting 1m0s
2016-09-19 15:48:22|Info|app|[Crontab] Starting
2016-09-19 15:48:22|Info|app|[Crontab] Waiting 1m0s
2016-09-19 15:49:22|Info|app|[Crontab] Starting
2016-09-19 15:49:22|Info|app|[Crontab] Waiting 1m0s
2016-09-19 15:49:42|Info|app|[Crontab] Starting
2016-09-19 15:49:42|Info|echo|StandardHTTP is running at :5008
2016-09-19 15:49:42|Info|app|[Crontab] Waiting 1m0s
2016-09-19 15:49:50|Info|echo|127.0.0.1 GET / 200 0s 2
2016-09-19 15:50:42|Info|app|[Crontab] Starting
2016-09-19 15:50:42|Info|app|[Crontab] Waiting 1m0s
2016-09-19 15:51:42|Info|app|[Crontab] Starting
2016-09-19 15:51:42|Info|app|[Crontab] Waiting 1m0s
2016-09-19 15:51:50|Info|echo|StandardHTTP is running at :5009
2016-09-19 15:51:50|Info|app|[Crontab] Starting
2016-09-19 15:51:51|Info|app|[Crontab] Waiting 1m0s
2016-09-19 15:52:51|Info|echo|StandardHTTP is running at :5007
2016-09-19 15:52:51|Info|app|[Crontab] Starting
2016-09-19 15:52:51|Info|app|[Crontab] Waiting 1m0s
2016-09-19 15:53:51|Info|app|[Crontab] Starting
2016-09-19 15:53:51|Info|app|[Crontab] Waiting 1m0s
2016-09-19 15:54:35|Info|echo|StandardHTTP is running at :5003
2016-09-19 15:54:35|Info|app|[Crontab] Starting
2016-09-19 15:54:36|Info|app|[Crontab] Waiting 1m0s
2016-09-19 15:54:46|Info|echo|StandardHTTP is running at :5004
2016-09-19 15:54:46|Info|app|[Crontab] Starting
2016-09-19 15:54:46|Info|app|[Crontab] Waiting 1m0s
2016-09-19 15:55:46|Info|app|[Crontab] Starting
2016-09-19 15:55:46|Info|app|[Crontab] Waiting 1m0s
2016-09-19 15:56:46|Info|app|[Crontab] Starting
2016-09-19 15:56:46|Info|app|[Crontab] Waiting 1m0s
2016-09-19 15:57:46|Info|app|[Crontab] Starting
2016-09-19 15:57:46|Info|app|[Crontab] Waiting 1m0s
2016-09-19 15:58:46|Info|app|[Crontab] Starting
2016-09-19 15:58:46|Info|app|[Crontab] Waiting 1m0s
2016-09-19 15:59:46|Info|app|[Crontab] Starting
2016-09-19 15:59:46|Info|app|[Crontab] Waiting 1m0s
2016-09-19 15:59:53|Info|app|[Crontab] Starting
2016-09-19 15:59:53|Info|echo|StandardHTTP is running at :5003
2016-09-19 15:59:53|Info|app|[Crontab] Waiting 1m0s
2016-09-19 16:00:45|Info|echo|StandardHTTP is running at :5004
2016-09-19 16:00:45|Info|app|[Crontab] Starting
2016-09-19 16:00:45|Info|app|[Crontab] Waiting 1m0s
2016-09-19 16:01:45|Info|app|[Crontab] Starting
2016-09-19 16:01:45|Info|app|[Crontab] Waiting 1m0s
2016-09-19 16:02:45|Info|app|[Crontab] Starting
2016-09-19 16:02:45|Info|app|[Crontab] Waiting 1m0s
2016-09-19 16:03:45|Info|app|[Crontab] Starting
2016-09-19 16:03:45|Info|app|[Crontab] Waiting 1m0s
2016-09-19 16:04:45|Info|app|[Crontab] Starting
2016-09-19 16:04:45|Info|app|[Crontab] Waiting 1m0s
2016-09-19 16:05:45|Info|app|[Crontab] Starting
2016-09-19 16:05:45|Info|app|[Crontab] Waiting 1m0s
2016-09-19 16:06:45|Info|app|[Crontab] Starting
2016-09-19 16:06:45|Info|app|[Crontab] Waiting 1m0s
2016-09-19 16:07:45|Info|app|[Crontab] Starting
2016-09-19 16:07:45|Info|app|[Crontab] Waiting 1m0s
2016-09-19 16:08:30|Info|echo|StandardHTTP is running at :5010
2016-09-19 16:08:30|Info|app|[Crontab] Starting
2016-09-19 16:08:31|Info|app|[Crontab] Waiting 1m0s
2016-09-19 16:08:54|Info|echo|127.0.0.1 GET / 200 0s 2
2016-09-19 16:09:31|Info|app|[Crontab] Starting
2016-09-19 16:09:31|Info|app|[Crontab] Waiting 1m0s
2016-09-19 16:10:31|Info|app|[Crontab] Starting
2016-09-19 16:10:31|Info|app|[Crontab] Waiting 1m0s
2016-09-19 16:11:31|Info|app|[Crontab] Starting
2016-09-19 16:11:31|Info|app|[Crontab] Waiting 1m0s
2016-09-19 16:12:31|Info|app|[Crontab] Starting
2016-09-19 16:12:31|Info|app|[Crontab] Waiting 1m0s
2016-09-19 16:13:10|Info|echo|StandardHTTP is running at :5001
2016-09-19 16:13:10|Info|app|[Crontab] Starting
2016-09-19 16:13:11|Info|app|[Crontab] Waiting 1m0s
2016-09-19 16:13:21|Info|echo|127.0.0.1 GET / 200 0s 2
2016-09-19 16:13:59|Info|echo|StandardHTTP is running at :5003
2016-09-19 16:13:59|Info|app|[Crontab] Starting
2016-09-19 16:13:59|Info|app|[Crontab] Waiting 1m0s
2016-09-19 16:14:53|Info|echo|StandardHTTP is running at :5004
2016-09-19 16:14:53|Info|app|[Crontab] Starting
2016-09-19 16:14:53|Info|app|[Crontab] Waiting 1m0s
2016-09-19 16:15:02|Info|echo|127.0.0.1 GET / 200 1.0001ms 2
2016-09-19 16:15:36|Info|echo|127.0.0.1 GET / 200 0s 2
2016-09-19 16:15:37|Info|echo|127.0.0.1 GET / 200 0s 2
2016-09-19 16:15:53|Info|app|[Crontab] Starting
2016-09-19 16:15:53|Info|app|[Crontab] Waiting 1m0s
2016-09-19 16:16:53|Info|app|[Crontab] Starting
2016-09-19 16:16:53|Info|app|[Crontab] Waiting 1m0s
2016-09-19 16:17:30|Info|echo|StandardHTTP is running at :5005
2016-09-19 16:17:30|Info|app|[Crontab] Starting
2016-09-19 16:17:30|Info|app|[Crontab] Waiting 1m0s
2016-09-19 16:17:57|Info|echo|127.0.0.1 GET / 200 0s 2
2016-09-19 16:17:57|Info|echo|127.0.0.1 GET / 200 0s 2
2016-09-19 16:17:58|Info|echo|127.0.0.1 GET / 200 0s 2
2016-09-19 16:18:30|Info|app|[Crontab] Starting
2016-09-19 16:18:30|Info|app|[Crontab] Waiting 1m0s
2016-09-19 16:18:41|Info|echo|StandardHTTP is running at :5009
2016-09-19 16:18:41|Info|app|[Crontab] Starting
2016-09-19 16:18:42|Info|app|[Crontab] Waiting 1m0s
2016-09-19 16:19:26|Info|echo|StandardHTTP is running at :5003
2016-09-19 16:19:26|Info|app|[Crontab] Starting
2016-09-19 16:19:27|Info|app|[Crontab] Waiting 1m0s
2016-09-19 16:19:49|Info|app|[Crontab] Starting
2016-09-19 16:19:49|Info|echo|StandardHTTP is running at :5004
2016-09-19 16:19:49|Info|app|[Crontab] Waiting 1m0s
2016-09-19 16:20:29|Info|echo|StandardHTTP is running at :5006
2016-09-19 16:20:29|Info|app|[Crontab] Starting
2016-09-19 16:20:29|Info|app|[Crontab] Waiting 1m0s
2016-09-19 16:20:45|Info|echo|127.0.0.1 GET / 200 5.0024ms 2
2016-09-19 16:20:56|Info|echo|127.0.0.1 GET / 200 6.0033ms 2
2016-09-19 16:21:25|Info|app|----------------------------------
2016-09-19 16:21:25|Info|echo|127.0.0.1 GET /notice/list 500 10.0051ms 21
2016-09-19 16:21:29|Info|app|[Crontab] Starting
2016-09-19 16:21:29|Info|app|[Crontab] Waiting 1m0s
2016-09-19 16:21:49|Info|echo|StandardHTTP is running at :5009
2016-09-19 16:21:49|Info|app|[Crontab] Starting
2016-09-19 16:21:50|Info|app|[Crontab] Waiting 1m0s
2016-09-19 16:22:06|Info|app|----------------------------------
2016-09-19 16:22:06|Info|echo|127.0.0.1 GET /notice/list 500 0s 21
2016-09-19 16:22:08|Info|app|----------------------------------
2016-09-19 16:22:08|Info|echo|127.0.0.1 GET /notice/list 500 0s 21
2016-09-19 16:22:09|Info|app|----------------------------------
2016-09-19 16:22:09|Info|echo|127.0.0.1 GET /notice/list 500 0s 21
2016-09-19 16:22:24|Info|echo|StandardHTTP is running at :5006
2016-09-19 16:22:24|Info|app|[Crontab] Starting
2016-09-19 16:22:24|Info|app|[Crontab] Waiting 1m0s
2016-09-19 16:22:30|Info|app|----------------------------------
2016-09-19 16:22:30|Info|echo|127.0.0.1 GET /notice/list 500 0s 21
2016-09-19 16:23:24|Info|app|[Crontab] Starting
2016-09-19 16:23:24|Info|app|[Crontab] Waiting 1m0s
2016-09-19 16:24:19|Info|echo|StandardHTTP is running at :5003
2016-09-19 16:24:19|Info|app|[Crontab] Starting
2016-09-19 16:24:20|Info|app|[Crontab] Waiting 1m0s
2016-09-19 16:25:20|Info|app|[Crontab] Starting
2016-09-19 16:25:20|Info|app|[Crontab] Waiting 1m0s
2016-09-19 16:26:20|Info|app|[Crontab] Starting
2016-09-19 16:26:20|Info|app|[Crontab] Waiting 1m0s
2016-09-19 16:26:56|Info|app|[Crontab] Starting
2016-09-19 16:26:56|Info|echo|StandardHTTP is running at :5006
2016-09-19 16:26:56|Info|app|[Crontab] Waiting 1m0s
2016-09-19 16:27:33|Info|echo|127.0.0.1 GET /notice/list 500 0s 21
2016-09-19 16:27:46|Info|echo|127.0.0.1 GET /notice/list?user=admin&pass=admin 200 657.3571ms 864
2016-09-19 16:27:50|Info|echo|127.0.0.1 GET /notice/list?user=admin&pass=admin 200 2.0007ms 864
2016-09-19 16:27:56|Info|app|[Crontab] Starting
2016-09-19 16:27:56|Info|app|[Crontab] Waiting 1m0s
2016-09-19 16:28:56|Info|app|[Crontab] Starting
2016-09-19 16:28:56|Info|app|[Crontab] Waiting 1m0s
2016-09-19 16:29:56|Info|app|[Crontab] Starting
2016-09-19 16:29:56|Info|app|[Crontab] Waiting 1m0s
2016-09-19 16:30:48|Info|app|[Crontab] Starting
2016-09-19 16:30:48|Info|echo|StandardHTTP is running at :5003
2016-09-19 16:30:49|Info|app|[Crontab] Waiting 1m0s
2016-09-19 16:31:30|Info|app|[Crontab] Starting
2016-09-19 16:31:30|Info|echo|StandardHTTP is running at :5006
2016-09-19 16:31:30|Info|app|[Crontab] Waiting 1m0s
2016-09-19 16:32:03|Info|echo|127.0.0.1 GET /notice/list?user=admin&pass=admin 200 622.8517ms 864
2016-09-19 16:32:03|Info|echo|127.0.0.1 GET /favicon.ico 404 0s 9
2016-09-19 16:32:30|Info|app|[Crontab] Starting
2016-09-19 16:32:30|Info|app|[Crontab] Waiting 1m0s
2016-09-19 16:33:30|Info|app|[Crontab] Starting
2016-09-19 16:33:30|Info|app|[Crontab] Waiting 1m0s
2016-09-19 16:34:30|Info|app|[Crontab] Starting
2016-09-19 16:34:30|Info|app|[Crontab] Waiting 1m0s
2016-09-19 16:35:30|Info|app|[Crontab] Starting
2016-09-19 16:35:30|Info|app|[Crontab] Waiting 1m0s
2016-09-19 16:36:30|Info|app|[Crontab] Starting
2016-09-19 16:36:30|Info|app|[Crontab] Waiting 1m0s
2016-09-19 16:37:30|Info|app|[Crontab] Starting
2016-09-19 16:37:30|Info|app|[Crontab] Waiting 1m0s
2016-09-19 16:38:30|Info|app|[Crontab] Starting
2016-09-19 16:38:30|Info|app|[Crontab] Waiting 1m0s
2016-09-19 16:39:30|Info|app|[Crontab] Starting
2016-09-19 16:39:30|Info|app|[Crontab] Waiting 1m0s
2016-09-19 16:40:30|Info|app|[Crontab] Starting
2016-09-19 16:40:30|Info|app|[Crontab] Waiting 1m0s
2016-09-19 16:41:30|Info|app|[Crontab] Starting
2016-09-19 16:41:30|Info|app|[Crontab] Waiting 1m0s
2016-09-19 16:42:30|Info|app|[Crontab] Starting
2016-09-19 16:42:30|Info|app|[Crontab] Waiting 1m0s
2016-09-19 16:43:30|Info|app|[Crontab] Starting
2016-09-19 16:43:30|Info|app|[Crontab] Waiting 1m0s
2016-09-19 16:44:30|Info|app|[Crontab] Starting
2016-09-19 16:44:30|Info|app|[Crontab] Waiting 1m0s
2016-09-19 16:45:30|Info|app|[Crontab] Starting
2016-09-19 16:45:30|Info|app|[Crontab] Waiting 1m0s
2016-09-19 16:46:30|Info|app|[Crontab] Starting
2016-09-19 16:46:30|Info|app|[Crontab] Waiting 1m0s
2016-09-19 16:47:30|Info|app|[Crontab] Starting
2016-09-19 16:47:30|Info|app|[Crontab] Waiting 1m0s
2016-09-19 16:48:30|Info|app|[Crontab] Starting
2016-09-19 16:48:30|Info|app|[Crontab] Waiting 1m0s
2016-09-19 16:49:30|Info|app|[Crontab] Starting
2016-09-19 16:49:30|Info|app|[Crontab] Waiting 1m0s
2016-09-19 16:50:30|Info|app|[Crontab] Starting
2016-09-19 16:50:30|Info|app|[Crontab] Waiting 1m0s
2016-09-19 16:51:30|Info|app|[Crontab] Starting
2016-09-19 16:51:30|Info|app|[Crontab] Waiting 1m0s
2016-09-19 16:52:30|Info|app|[Crontab] Starting
2016-09-19 16:52:30|Info|app|[Crontab] Waiting 1m0s
2016-09-19 16:53:30|Info|app|[Crontab] Starting
2016-09-19 16:53:30|Info|app|[Crontab] Waiting 1m0s
2016-09-19 16:54:30|Info|app|[Crontab] Starting
2016-09-19 16:54:30|Info|app|[Crontab] Waiting 1m0s
2016-09-19 16:55:30|Info|app|[Crontab] Starting
2016-09-19 16:55:30|Info|app|[Crontab] Waiting 1m0s
2016-09-19 16:56:30|Info|app|[Crontab] Starting
2016-09-19 16:56:30|Info|app|[Crontab] Waiting 1m0s
2016-09-19 16:57:30|Info|app|[Crontab] Starting
2016-09-19 16:57:30|Info|app|[Crontab] Waiting 1m0s
2016-09-19 16:58:30|Info|app|[Crontab] Starting
2016-09-19 16:58:30|Info|app|[Crontab] Waiting 1m0s
2016-09-19 16:59:30|Info|app|[Crontab] Starting
2016-09-19 16:59:30|Info|app|[Crontab] Waiting 1m0s
2016-09-19 17:00:30|Info|app|[Crontab] Starting
2016-09-19 17:00:30|Info|app|[Crontab] Waiting 1m0s
2016-09-19 17:01:30|Info|app|[Crontab] Starting
2016-09-19 17:01:30|Info|app|[Crontab] Waiting 1m0s
2016-09-19 17:02:30|Info|app|[Crontab] Starting
2016-09-19 17:02:30|Info|app|[Crontab] Waiting 1m0s
2016-09-19 17:03:30|Info|app|[Crontab] Starting
2016-09-19 17:03:30|Info|app|[Crontab] Waiting 1m0s
2016-09-19 17:04:30|Info|app|[Crontab] Starting
2016-09-19 17:04:30|Info|app|[Crontab] Waiting 1m0s
2016-09-19 17:05:30|Info|app|[Crontab] Starting
2016-09-19 17:05:30|Info|app|[Crontab] Waiting 1m0s
2016-09-19 17:06:30|Info|app|[Crontab] Starting
2016-09-19 17:06:30|Info|app|[Crontab] Waiting 1m0s
2016-09-19 17:07:30|Info|app|[Crontab] Starting
2016-09-19 17:07:30|Info|app|[Crontab] Waiting 1m0s
2016-09-19 17:08:30|Info|app|[Crontab] Starting
2016-09-19 17:08:30|Info|app|[Crontab] Waiting 1m0s
2016-09-19 17:09:30|Info|app|[Crontab] Starting
2016-09-19 17:09:30|Info|app|[Crontab] Waiting 1m0s
2016-09-19 17:10:30|Info|app|[Crontab] Starting
2016-09-19 17:10:30|Info|app|[Crontab] Waiting 1m0s
2016-09-19 17:11:30|Info|app|[Crontab] Starting
2016-09-19 17:11:30|Info|app|[Crontab] Waiting 1m0s
2016-09-19 17:12:30|Info|app|[Crontab] Starting
2016-09-19 17:12:30|Info|app|[Crontab] Waiting 1m0s
2016-09-19 17:13:30|Info|app|[Crontab] Starting
2016-09-19 17:13:30|Info|app|[Crontab] Waiting 1m0s
2016-09-19 17:14:30|Info|app|[Crontab] Starting
2016-09-19 17:14:30|Info|app|[Crontab] Waiting 1m0s
2016-09-19 17:15:30|Info|app|[Crontab] Starting
2016-09-19 17:15:30|Info|app|[Crontab] Waiting 1m0s
2016-09-19 17:16:30|Info|app|[Crontab] Starting
2016-09-19 17:16:30|Info|app|[Crontab] Waiting 1m0s
2016-09-19 17:17:30|Info|app|[Crontab] Starting
2016-09-19 17:17:30|Info|app|[Crontab] Waiting 1m0s
2016-09-19 17:18:30|Info|app|[Crontab] Starting
2016-09-19 17:18:30|Info|app|[Crontab] Waiting 1m0s
2016-09-19 17:19:30|Info|app|[Crontab] Starting
2016-09-19 17:19:30|Info|app|[Crontab] Waiting 1m0s
2016-09-19 17:20:30|Info|app|[Crontab] Starting
2016-09-19 17:20:30|Info|app|[Crontab] Waiting 1m0s
2016-09-19 17:21:30|Info|app|[Crontab] Starting
2016-09-19 17:21:30|Info|app|[Crontab] Waiting 1m0s
2016-09-19 17:22:30|Info|app|[Crontab] Starting
2016-09-19 17:22:30|Info|app|[Crontab] Waiting 1m0s
2016-09-19 17:23:30|Info|app|[Crontab] Starting
2016-09-19 17:23:30|Info|app|[Crontab] Waiting 1m0s
2016-09-19 17:24:30|Info|app|[Crontab] Starting
2016-09-19 17:24:30|Info|app|[Crontab] Waiting 1m0s
2016-09-19 17:25:30|Info|app|[Crontab] Starting
2016-09-19 17:25:30|Info|app|[Crontab] Waiting 1m0s
2016-09-19 17:26:30|Info|app|[Crontab] Starting
2016-09-19 17:26:30|Info|app|[Crontab] Waiting 1m0s
2016-09-19 17:27:30|Info|app|[Crontab] Starting
2016-09-19 17:27:30|Info|app|[Crontab] Waiting 1m0s
2016-09-19 17:28:30|Info|app|[Crontab] Starting
2016-09-19 17:28:30|Info|app|[Crontab] Waiting 1m0s
2016-09-19 17:29:30|Info|app|[Crontab] Starting
2016-09-19 17:29:30|Info|app|[Crontab] Waiting 1m0s
2016-09-19 17:30:30|Info|app|[Crontab] Starting
2016-09-19 17:30:30|Info|app|[Crontab] Waiting 1m0s
2016-09-19 17:31:30|Info|app|[Crontab] Starting
2016-09-19 17:31:30|Info|app|[Crontab] Waiting 1m0s
2016-09-19 17:32:30|Info|app|[Crontab] Starting
2016-09-19 17:32:30|Info|app|[Crontab] Waiting 1m0s
2016-09-19 17:33:30|Info|app|[Crontab] Starting
2016-09-19 17:33:30|Info|app|[Crontab] Waiting 1m0s
2016-09-19 17:34:30|Info|app|[Crontab] Starting
2016-09-19 17:34:30|Info|app|[Crontab] Waiting 1m0s
2016-09-19 17:35:30|Info|app|[Crontab] Starting
2016-09-19 17:35:30|Info|app|[Crontab] Waiting 1m0s
2016-09-19 17:36:30|Info|app|[Crontab] Starting
2016-09-19 17:36:30|Info|app|[Crontab] Waiting 1m0s
2016-09-19 17:37:30|Info|app|[Crontab] Starting
2016-09-19 17:37:30|Info|app|[Crontab] Waiting 1m0s
2016-09-19 17:38:30|Info|app|[Crontab] Starting
2016-09-19 17:38:30|Info|app|[Crontab] Waiting 1m0s
2016-09-19 17:39:30|Info|app|[Crontab] Starting
2016-09-19 17:39:30|Info|app|[Crontab] Waiting 1m0s
2016-09-19 17:40:30|Info|app|[Crontab] Starting
2016-09-19 17:40:30|Info|app|[Crontab] Waiting 1m0s
2016-09-19 17:41:30|Info|app|[Crontab] Starting
2016-09-19 17:41:30|Info|app|[Crontab] Waiting 1m0s
2016-09-19 17:42:30|Info|app|[Crontab] Starting
2016-09-19 17:42:30|Info|app|[Crontab] Waiting 1m0s
2016-09-19 17:43:30|Info|app|[Crontab] Starting
2016-09-19 17:43:30|Info|app|[Crontab] Waiting 1m0s
2016-09-19 17:44:30|Info|app|[Crontab] Starting
2016-09-19 17:44:30|Info|app|[Crontab] Waiting 1m0s
2016-09-19 17:45:30|Info|app|[Crontab] Starting
2016-09-19 17:45:30|Info|app|[Crontab] Waiting 1m0s
2016-09-19 17:46:30|Info|app|[Crontab] Starting
2016-09-19 17:46:30|Info|app|[Crontab] Waiting 1m0s
2016-09-19 17:47:30|Info|app|[Crontab] Starting
2016-09-19 17:47:30|Info|app|[Crontab] Waiting 1m0s
2016-09-19 17:48:30|Info|app|[Crontab] Starting
2016-09-19 17:48:30|Info|app|[Crontab] Waiting 1m0s
2016-09-19 17:49:30|Info|app|[Crontab] Starting
2016-09-19 17:49:30|Info|app|[Crontab] Waiting 1m0s
2016-09-19 17:50:30|Info|app|[Crontab] Starting
2016-09-19 17:50:30|Info|app|[Crontab] Waiting 1m0s
2016-09-19 17:51:30|Info|app|[Crontab] Starting
2016-09-19 17:51:30|Info|app|[Crontab] Waiting 1m0s
2016-09-19 17:52:30|Info|app|[Crontab] Starting
2016-09-19 17:52:30|Info|app|[Crontab] Waiting 1m0s
2016-09-19 17:53:30|Info|app|[Crontab] Starting
2016-09-19 17:53:30|Info|app|[Crontab] Waiting 1m0s
2016-09-19 17:54:30|Info|app|[Crontab] Starting
2016-09-19 17:54:30|Info|app|[Crontab] Waiting 1m0s
2016-09-19 17:55:30|Info|app|[Crontab] Starting
2016-09-19 17:55:30|Info|app|[Crontab] Waiting 1m0s
2016-09-19 17:56:30|Info|app|[Crontab] Starting
2016-09-19 17:56:30|Info|app|[Crontab] Waiting 1m0s
2016-09-19 17:57:30|Info|app|[Crontab] Starting
2016-09-19 17:57:30|Info|app|[Crontab] Waiting 1m0s
2016-09-19 17:58:30|Info|app|[Crontab] Starting
2016-09-19 17:58:30|Info|app|[Crontab] Waiting 1m0s
2016-09-19 17:59:30|Info|app|[Crontab] Starting
2016-09-19 17:59:30|Info|app|[Crontab] Waiting 1m0s
2016-09-19 18:00:30|Info|app|[Crontab] Starting
2016-09-19 18:00:30|Info|app|[Crontab] Waiting 1m0s
2016-09-19 18:01:30|Info|app|[Crontab] Starting
2016-09-19 18:01:30|Info|app|[Crontab] Waiting 1m0s
2016-09-19 18:02:30|Info|app|[Crontab] Starting
2016-09-19 18:02:30|Info|app|[Crontab] Waiting 1m0s
2016-09-19 18:03:30|Info|app|[Crontab] Starting
2016-09-19 18:03:30|Info|app|[Crontab] Waiting 1m0s
2016-09-19 18:04:30|Info|app|[Crontab] Starting
2016-09-19 18:04:30|Info|app|[Crontab] Waiting 1m0s
2016-09-19 18:05:30|Info|app|[Crontab] Starting
2016-09-19 18:05:30|Info|app|[Crontab] Waiting 1m0s
2016-09-19 18:06:30|Info|app|[Crontab] Starting
2016-09-19 18:06:30|Info|app|[Crontab] Waiting 1m0s
2016-09-19 18:07:30|Info|app|[Crontab] Starting
2016-09-19 18:07:30|Info|app|[Crontab] Waiting 1m0s
2016-09-19 18:08:30|Info|app|[Crontab] Starting
2016-09-19 18:08:30|Info|app|[Crontab] Waiting 1m0s
2016-09-19 18:09:30|Info|app|[Crontab] Starting
2016-09-19 18:09:30|Info|app|[Crontab] Waiting 1m0s
2016-09-19 18:10:30|Info|app|[Crontab] Starting
2016-09-19 18:10:30|Info|app|[Crontab] Waiting 1m0s
2016-09-19 18:11:30|Info|app|[Crontab] Starting
2016-09-19 18:11:30|Info|app|[Crontab] Waiting 1m0s
2016-09-19 18:12:30|Info|app|[Crontab] Starting
2016-09-19 18:12:30|Info|app|[Crontab] Waiting 1m0s
2016-09-19 18:13:30|Info|app|[Crontab] Starting
2016-09-19 18:13:30|Info|app|[Crontab] Waiting 1m0s
2016-09-19 18:14:30|Info|app|[Crontab] Starting
2016-09-19 18:14:30|Info|app|[Crontab] Waiting 1m0s
2016-09-19 18:15:30|Info|app|[Crontab] Starting
2016-09-19 18:15:30|Info|app|[Crontab] Waiting 1m0s
2016-09-19 18:16:30|Info|app|[Crontab] Starting
2016-09-19 18:16:30|Info|app|[Crontab] Waiting 1m0s
2016-09-19 18:17:30|Info|app|[Crontab] Starting
2016-09-19 18:17:30|Info|app|[Crontab] Waiting 1m0s
2016-09-19 18:18:30|Info|app|[Crontab] Starting
2016-09-19 18:18:30|Info|app|[Crontab] Waiting 1m0s
2016-09-19 18:19:30|Info|app|[Crontab] Starting
2016-09-19 18:19:30|Info|app|[Crontab] Waiting 1m0s
2016-09-19 18:20:30|Info|app|[Crontab] Starting
2016-09-19 18:20:30|Info|app|[Crontab] Waiting 1m0s
2016-09-19 18:21:30|Info|app|[Crontab] Starting
2016-09-19 18:21:30|Info|app|[Crontab] Waiting 1m0s
2016-09-19 18:22:30|Info|app|[Crontab] Starting
2016-09-19 18:22:30|Info|app|[Crontab] Waiting 1m0s
2016-09-19 18:23:30|Info|app|[Crontab] Starting
2016-09-19 18:23:30|Info|app|[Crontab] Waiting 1m0s
2016-09-19 18:24:30|Info|app|[Crontab] Starting
2016-09-19 18:24:30|Info|app|[Crontab] Waiting 1m0s
2016-09-19 18:25:30|Info|app|[Crontab] Starting
2016-09-19 18:25:30|Info|app|[Crontab] Waiting 1m0s
2016-09-19 18:26:30|Info|app|[Crontab] Starting
2016-09-19 18:26:30|Info|app|[Crontab] Waiting 1m0s
2016-09-19 18:27:30|Info|app|[Crontab] Starting
2016-09-19 18:27:30|Info|app|[Crontab] Waiting 1m0s
2016-09-19 18:28:30|Info|app|[Crontab] Starting
2016-09-19 18:28:30|Info|app|[Crontab] Waiting 1m0s
2016-09-19 18:29:30|Info|app|[Crontab] Starting
2016-09-19 18:29:30|Info|app|[Crontab] Waiting 1m0s
2016-09-19 18:30:30|Info|app|[Crontab] Starting
2016-09-19 18:30:30|Info|app|[Crontab] Waiting 1m0s
2016-09-19 18:31:30|Info|app|[Crontab] Starting
2016-09-19 18:31:30|Info|app|[Crontab] Waiting 1m0s
2016-09-19 18:32:30|Info|app|[Crontab] Starting
2016-09-19 18:32:30|Info|app|[Crontab] Waiting 1m0s
2016-09-19 18:33:30|Info|app|[Crontab] Starting
2016-09-19 18:33:30|Info|app|[Crontab] Waiting 1m0s
2016-09-19 18:34:30|Info|app|[Crontab] Starting
2016-09-19 18:34:30|Info|app|[Crontab] Waiting 1m0s
2016-09-19 18:35:30|Info|app|[Crontab] Starting
2016-09-19 18:35:30|Info|app|[Crontab] Waiting 1m0s
2016-09-19 18:36:30|Info|app|[Crontab] Starting
2016-09-19 18:36:30|Info|app|[Crontab] Waiting 1m0s
2016-09-19 18:37:30|Info|app|[Crontab] Starting
2016-09-19 18:37:30|Info|app|[Crontab] Waiting 1m0s
2016-09-19 18:38:30|Info|app|[Crontab] Starting
2016-09-19 18:38:30|Info|app|[Crontab] Waiting 1m0s
2016-09-19 18:39:30|Info|app|[Crontab] Starting
2016-09-19 18:39:30|Info|app|[Crontab] Waiting 1m0s
2016-09-19 18:40:30|Info|app|[Crontab] Starting
2016-09-19 18:40:30|Info|app|[Crontab] Waiting 1m0s
2016-09-19 18:41:30|Info|app|[Crontab] Starting
2016-09-19 18:41:30|Info|app|[Crontab] Waiting 1m0s
2016-09-19 18:42:30|Info|app|[Crontab] Starting
2016-09-19 18:42:30|Info|app|[Crontab] Waiting 1m0s
2016-09-19 18:43:30|Info|app|[Crontab] Starting
2016-09-19 18:43:30|Info|app|[Crontab] Waiting 1m0s
2016-09-19 18:44:30|Info|app|[Crontab] Starting
2016-09-19 18:44:30|Info|app|[Crontab] Waiting 1m0s
2016-09-19 18:45:30|Info|app|[Crontab] Starting
2016-09-19 18:45:30|Info|app|[Crontab] Waiting 1m0s
2016-09-19 18:46:30|Info|app|[Crontab] Starting
2016-09-19 18:46:30|Info|app|[Crontab] Waiting 1m0s
2016-09-19 18:47:30|Info|app|[Crontab] Starting
2016-09-19 18:47:30|Info|app|[Crontab] Waiting 1m0s
2016-09-19 18:48:30|Info|app|[Crontab] Starting
2016-09-19 18:48:30|Info|app|[Crontab] Waiting 1m0s
2016-09-19 18:49:30|Info|app|[Crontab] Starting
2016-09-19 18:49:30|Info|app|[Crontab] Waiting 1m0s
2016-09-19 18:50:30|Info|app|[Crontab] Starting
2016-09-19 18:50:30|Info|app|[Crontab] Waiting 1m0s
2016-09-19 18:51:30|Info|app|[Crontab] Starting
2016-09-19 18:51:30|Info|app|[Crontab] Waiting 1m0s
2016-09-19 18:52:30|Info|app|[Crontab] Starting
2016-09-19 18:52:30|Info|app|[Crontab] Waiting 1m0s
2016-09-19 18:53:30|Info|app|[Crontab] Starting
2016-09-19 18:53:30|Info|app|[Crontab] Waiting 1m0s
